# Logfile created on Tue Jun 29 16:24:03 +0100 2010  [4;36;1mSQL (67.1ms)[0m   [0;1m SELECT name
 FROM sqlite_master
 WHERE type = 'table' AND NOT name = 'sqlite_sequence'
[0m
  [4;35;1mSQL (0.9ms)[0m   [0m SELECT name
 FROM sqlite_master
 WHERE type = 'table' AND NOT name = 'sqlite_sequence'
[0m
  [4;36;1mSQL (0.6ms)[0m   [0;1m SELECT name
 FROM sqlite_master
 WHERE type = 'table' AND NOT name = 'sqlite_sequence'
[0m
  [4;35;1mSQL (3.7ms)[0m   [0m SELECT name
 FROM sqlite_master
 WHERE type = 'table' AND NOT name = 'sqlite_sequence'
[0m
  [4;36;1mSQL (0.7ms)[0m   [0;1m SELECT name
 FROM sqlite_master
 WHERE type = 'table' AND NOT name = 'sqlite_sequence'
[0m
  [4;35;1mSQL (0.5ms)[0m   [0m SELECT name
 FROM sqlite_master
 WHERE type = 'table' AND NOT name = 'sqlite_sequence'
[0m
  [4;36;1mSQL (0.7ms)[0m   [0;1m SELECT name
 FROM sqlite_master
 WHERE type = 'table' AND NOT name = 'sqlite_sequence'
[0m
  [4;35;1mSQL (0.7ms)[0m   [0m SELECT name
 FROM sqlite_master
 WHERE type = 'table' AND NOT name = 'sqlite_sequence'
[0m
DEPRECATION WARNING: Giving :session_key to SessionStore is deprecated, please use :key instead. (called from new at /Library/Ruby/Gems/1.8/gems/actionpack-2.3.8/lib/action_controller/middleware_stack.rb:72)


Processing FrontController#index (for 127.0.0.1 at 2010-06-29 16:24:19) [GET]
  [4;36;1mUser Load (19.3ms)[0m   [0;1mSELECT * FROM "users" WHERE ("users"."id" = 7) [0m
Rendering front/index
  DRYML: Compiled /Library/Ruby/Gems/1.8/gems/hobo-1.0.1/taglibs/core.dryml in 0.02s
  DRYML: Compiled /Library/Ruby/Gems/1.8/gems/hobo-1.0.1/taglibs/rapid_core.dryml in 0.84s
  DRYML: Compiled /Library/Ruby/Gems/1.8/gems/hobo-1.0.1/taglibs/rapid_support.dryml in 0.04s
  DRYML: Compiled /Library/Ruby/Gems/1.8/gems/hobo-1.0.1/taglibs/rapid_document_tags.dryml in 0.30s
  DRYML: Compiled /Library/Ruby/Gems/1.8/gems/hobo-1.0.1/taglibs/rapid_pages.dryml in 0.67s
  DRYML: Compiled /Library/Ruby/Gems/1.8/gems/hobo-1.0.1/taglibs/rapid_editing.dryml in 0.53s
  DRYML: Compiled /Library/Ruby/Gems/1.8/gems/hobo-1.0.1/taglibs/rapid_forms.dryml in 1.23s
  DRYML: Compiled /Library/Ruby/Gems/1.8/gems/hobo-1.0.1/taglibs/rapid_navigation.dryml in 0.30s
  DRYML: Compiled /Library/Ruby/Gems/1.8/gems/hobo-1.0.1/taglibs/rapid_plus.dryml in 0.39s
  DRYML: Compiled /Library/Ruby/Gems/1.8/gems/hobo-1.0.1/taglibs/rapid_generics.dryml in 0.03s
  DRYML: Compiled /Library/Ruby/Gems/1.8/gems/hobo-1.0.1/taglibs/rapid_lifecycles.dryml in 0.01s
  DRYML: Compiled /Library/Ruby/Gems/1.8/gems/hobo-1.0.1/taglibs/rapid_summary.dryml in 0.69s
  DRYML: Compiled /Library/Ruby/Gems/1.8/gems/hobo-1.0.1/taglibs/rapid_user_pages.dryml in 0.43s
  DRYML: Compiled /Library/Ruby/Gems/1.8/gems/hobo-1.0.1/taglibs/rapid.dryml in 5.82s
  DRYML: Compiled app/views/taglibs/auto/rapid/cards.dryml in 0.21s
  DRYML: Compiled app/views/taglibs/auto/rapid/pages.dryml in 8.69s
  DRYML: Compiled app/views/taglibs/auto/rapid/forms.dryml in 0.66s
  DRYML: Compiled app/views/taglibs/themes/clean/clean.dryml in 0.01s
  DRYML: Compiled app/views/taglibs/application.dryml in 18.03s
  DRYML: Compiled app/views/front/index.dryml in 18.25s
  [4;35;1mUser Load (1.0ms)[0m   [0mSELECT * FROM "users" LIMIT 30[0m
Completed in 18431ms (View: 18401, DB: 20) | 200 OK [http://localhost/]
  [4;36;1mSQL (3.0ms)[0m   [0;1m SELECT name
 FROM sqlite_master
 WHERE type = 'table' AND NOT name = 'sqlite_sequence'
[0m
  [4;35;1mSQL (0.6ms)[0m   [0m SELECT name
 FROM sqlite_master
 WHERE type = 'table' AND NOT name = 'sqlite_sequence'
[0m
  [4;36;1mSQL (0.6ms)[0m   [0;1m SELECT name
 FROM sqlite_master
 WHERE type = 'table' AND NOT name = 'sqlite_sequence'
[0m
  [4;35;1mSQL (0.7ms)[0m   [0m SELECT name
 FROM sqlite_master
 WHERE type = 'table' AND NOT name = 'sqlite_sequence'
[0m
  [4;36;1mSQL (0.7ms)[0m   [0;1m SELECT name
 FROM sqlite_master
 WHERE type = 'table' AND NOT name = 'sqlite_sequence'
[0m
  [4;35;1mSQL (0.5ms)[0m   [0m SELECT name
 FROM sqlite_master
 WHERE type = 'table' AND NOT name = 'sqlite_sequence'
[0m
  [4;36;1mSQL (0.7ms)[0m   [0;1m SELECT name
 FROM sqlite_master
 WHERE type = 'table' AND NOT name = 'sqlite_sequence'
[0m
  [4;35;1mSQL (0.7ms)[0m   [0m SELECT name
 FROM sqlite_master
 WHERE type = 'table' AND NOT name = 'sqlite_sequence'
[0m
DEPRECATION WARNING: Giving :session_key to SessionStore is deprecated, please use :key instead. (called from new at /Library/Ruby/Gems/1.8/gems/actionpack-2.3.8/lib/action_controller/middleware_stack.rb:72)


Processing FrontController#index (for 127.0.0.1 at 2010-07-19 12:48:06) [GET]
Rendering front/index
  DRYML: Compiled /Library/Ruby/Gems/1.8/gems/hobo-1.0.1/taglibs/core.dryml in 0.02s
  DRYML: Compiled /Library/Ruby/Gems/1.8/gems/hobo-1.0.1/taglibs/rapid_core.dryml in 0.38s
  DRYML: Compiled /Library/Ruby/Gems/1.8/gems/hobo-1.0.1/taglibs/rapid_support.dryml in 0.01s
  DRYML: Compiled /Library/Ruby/Gems/1.8/gems/hobo-1.0.1/taglibs/rapid_document_tags.dryml in 0.16s
  DRYML: Compiled /Library/Ruby/Gems/1.8/gems/hobo-1.0.1/taglibs/rapid_pages.dryml in 0.24s
  DRYML: Compiled /Library/Ruby/Gems/1.8/gems/hobo-1.0.1/taglibs/rapid_editing.dryml in 0.21s
  DRYML: Compiled /Library/Ruby/Gems/1.8/gems/hobo-1.0.1/taglibs/rapid_forms.dryml in 0.57s
  DRYML: Compiled /Library/Ruby/Gems/1.8/gems/hobo-1.0.1/taglibs/rapid_navigation.dryml in 0.17s
  DRYML: Compiled /Library/Ruby/Gems/1.8/gems/hobo-1.0.1/taglibs/rapid_plus.dryml in 0.21s
  DRYML: Compiled /Library/Ruby/Gems/1.8/gems/hobo-1.0.1/taglibs/rapid_generics.dryml in 0.02s
  DRYML: Compiled /Library/Ruby/Gems/1.8/gems/hobo-1.0.1/taglibs/rapid_lifecycles.dryml in 0.14s
  DRYML: Compiled /Library/Ruby/Gems/1.8/gems/hobo-1.0.1/taglibs/rapid_summary.dryml in 0.23s
  DRYML: Compiled /Library/Ruby/Gems/1.8/gems/hobo-1.0.1/taglibs/rapid_user_pages.dryml in 0.40s
  DRYML: Compiled /Library/Ruby/Gems/1.8/gems/hobo-1.0.1/taglibs/rapid.dryml in 2.90s
  DRYML: Compiled app/views/taglibs/auto/rapid/cards.dryml in 0.24s
  DRYML: Compiled app/views/taglibs/auto/rapid/pages.dryml in 8.63s
  DRYML: Compiled app/views/taglibs/auto/rapid/forms.dryml in 0.61s
  DRYML: Compiled app/views/taglibs/themes/clean/clean.dryml in 0.01s
  DRYML: Compiled app/views/taglibs/application.dryml in 13.94s
  DRYML: Compiled app/views/front/index.dryml in 14.17s
  [4;36;1mUser Load (18.1ms)[0m   [0;1mSELECT * FROM "users" LIMIT 30[0m
Completed in 14326ms (View: 14280, DB: 18) | 200 OK [http://localhost/]
  [4;35;1mSQL (1.4ms)[0m   [0m SELECT name
 FROM sqlite_master
 WHERE type = 'table' AND NOT name = 'sqlite_sequence'
[0m
  [4;36;1mSQL (0.7ms)[0m   [0;1m SELECT name
 FROM sqlite_master
 WHERE type = 'table' AND NOT name = 'sqlite_sequence'
[0m
  [4;35;1mSQL (0.6ms)[0m   [0m SELECT name
 FROM sqlite_master
 WHERE type = 'table' AND NOT name = 'sqlite_sequence'
[0m
  [4;36;1mSQL (0.7ms)[0m   [0;1m SELECT name
 FROM sqlite_master
 WHERE type = 'table' AND NOT name = 'sqlite_sequence'
[0m
  [4;35;1mSQL (0.7ms)[0m   [0m SELECT name
 FROM sqlite_master
 WHERE type = 'table' AND NOT name = 'sqlite_sequence'
[0m
  [4;36;1mSQL (0.5ms)[0m   [0;1m SELECT name
 FROM sqlite_master
 WHERE type = 'table' AND NOT name = 'sqlite_sequence'
[0m
  [4;35;1mSQL (0.7ms)[0m   [0m SELECT name
 FROM sqlite_master
 WHERE type = 'table' AND NOT name = 'sqlite_sequence'
[0m
  [4;36;1mSQL (0.7ms)[0m   [0;1m SELECT name
 FROM sqlite_master
 WHERE type = 'table' AND NOT name = 'sqlite_sequence'
[0m
DEPRECATION WARNING: Giving :session_key to SessionStore is deprecated, please use :key instead. (called from new at /Library/Ruby/Gems/1.8/gems/actionpack-2.3.8/lib/action_controller/middleware_stack.rb:72)


Processing Hobo::DevController#set_current_user (for 127.0.0.1 at 2010-07-19 12:48:51) [GET]
  Parameters: {"login"=>"txinto@iac.es"}
  [4;35;1mUser Load (0.5ms)[0m   [0mSELECT * FROM "users" WHERE ("users"."email_address" = 'txinto@iac.es') LIMIT 1[0m
Redirected to http://localhost:3000/
Completed in 35ms (DB: 6) | 302 Found [http://localhost/dev/set_current_user?login=txinto%40iac.es]
  [4;36;1mSQL (1.4ms)[0m   [0;1m SELECT name
 FROM sqlite_master
 WHERE type = 'table' AND NOT name = 'sqlite_sequence'
[0m
  [4;35;1mSQL (0.7ms)[0m   [0m SELECT name
 FROM sqlite_master
 WHERE type = 'table' AND NOT name = 'sqlite_sequence'
[0m
  [4;36;1mSQL (0.6ms)[0m   [0;1m SELECT name
 FROM sqlite_master
 WHERE type = 'table' AND NOT name = 'sqlite_sequence'
[0m
  [4;35;1mSQL (0.6ms)[0m   [0m SELECT name
 FROM sqlite_master
 WHERE type = 'table' AND NOT name = 'sqlite_sequence'
[0m
  [4;36;1mSQL (0.7ms)[0m   [0;1m SELECT name
 FROM sqlite_master
 WHERE type = 'table' AND NOT name = 'sqlite_sequence'
[0m
  [4;35;1mSQL (0.5ms)[0m   [0m SELECT name
 FROM sqlite_master
 WHERE type = 'table' AND NOT name = 'sqlite_sequence'
[0m
  [4;36;1mSQL (0.7ms)[0m   [0;1m SELECT name
 FROM sqlite_master
 WHERE type = 'table' AND NOT name = 'sqlite_sequence'
[0m
  [4;35;1mSQL (0.7ms)[0m   [0m SELECT name
 FROM sqlite_master
 WHERE type = 'table' AND NOT name = 'sqlite_sequence'
[0m
DEPRECATION WARNING: Giving :session_key to SessionStore is deprecated, please use :key instead. (called from new at /Library/Ruby/Gems/1.8/gems/actionpack-2.3.8/lib/action_controller/middleware_stack.rb:72)


Processing FrontController#index (for 127.0.0.1 at 2010-07-19 12:48:53) [GET]
  [4;36;1mUser Load (0.5ms)[0m   [0;1mSELECT * FROM "users" WHERE ("users"."id" = 11) [0m
Rendering front/index
  [4;35;1mUser Load (1.2ms)[0m   [0mSELECT * FROM "users" LIMIT 30[0m
  [4;36;1mSQL (18.4ms)[0m   [0;1mSELECT count(*) AS count_all FROM "projects" WHERE ("projects".owner_id = 11) [0m
  [4;35;1mProject Load (0.4ms)[0m   [0mSELECT * FROM "projects" WHERE ("projects".owner_id = 11) [0m
  [4;36;1mSQL (0.7ms)[0m   [0;1m SELECT name
 FROM sqlite_master
 WHERE type = 'table' AND NOT name = 'sqlite_sequence'
[0m
  [4;35;1mCACHE (0.0ms)[0m   [0mSELECT * FROM "users" WHERE ("users"."id" = 11) [0m
  [4;36;1mSQL (0.3ms)[0m   [0;1mSELECT count(*) AS count_all FROM "project_memberships" WHERE ("project_memberships".project_id = 12) [0m
  [4;35;1mSQL (0.5ms)[0m   [0m SELECT name
 FROM sqlite_master
 WHERE type = 'table' AND NOT name = 'sqlite_sequence'
[0m
  [4;36;1mCACHE (0.0ms)[0m   [0;1mSELECT count(*) AS count_all FROM "project_memberships" WHERE ("project_memberships".project_id = 12) [0m
  [4;35;1mCACHE (0.0ms)[0m   [0mSELECT * FROM "users" WHERE ("users"."id" = 11) [0m
  [4;36;1mSQL (10.7ms)[0m   [0;1mSELECT count(*) AS count_all FROM "projects" INNER JOIN "project_memberships" ON "projects".id = "project_memberships".project_id WHERE (("project_memberships".user_id = 11)) [0m
  [4;35;1mProject Load (0.4ms)[0m   [0mSELECT "projects".* FROM "projects" INNER JOIN "project_memberships" ON "projects".id = "project_memberships".project_id WHERE (("project_memberships".user_id = 11)) [0m
  [4;36;1mCACHE (0.0ms)[0m   [0;1mSELECT count(*) AS count_all FROM "project_memberships" WHERE ("project_memberships".project_id = 12) [0m
  [4;35;1mCACHE (0.0ms)[0m   [0mSELECT count(*) AS count_all FROM "project_memberships" WHERE ("project_memberships".project_id = 12) [0m
Completed in 797ms (View: 757, DB: 39) | 200 OK [http://localhost/]
  [4;36;1mSQL (1.5ms)[0m   [0;1m SELECT name
 FROM sqlite_master
 WHERE type = 'table' AND NOT name = 'sqlite_sequence'
[0m
  [4;35;1mSQL (0.7ms)[0m   [0m SELECT name
 FROM sqlite_master
 WHERE type = 'table' AND NOT name = 'sqlite_sequence'
[0m
  [4;36;1mSQL (0.6ms)[0m   [0;1m SELECT name
 FROM sqlite_master
 WHERE type = 'table' AND NOT name = 'sqlite_sequence'
[0m
  [4;35;1mSQL (0.6ms)[0m   [0m SELECT name
 FROM sqlite_master
 WHERE type = 'table' AND NOT name = 'sqlite_sequence'
[0m
  [4;36;1mSQL (0.7ms)[0m   [0;1m SELECT name
 FROM sqlite_master
 WHERE type = 'table' AND NOT name = 'sqlite_sequence'
[0m
  [4;35;1mSQL (0.5ms)[0m   [0m SELECT name
 FROM sqlite_master
 WHERE type = 'table' AND NOT name = 'sqlite_sequence'
[0m
  [4;36;1mSQL (0.7ms)[0m   [0;1m SELECT name
 FROM sqlite_master
 WHERE type = 'table' AND NOT name = 'sqlite_sequence'
[0m
  [4;35;1mSQL (0.7ms)[0m   [0m SELECT name
 FROM sqlite_master
 WHERE type = 'table' AND NOT name = 'sqlite_sequence'
[0m
DEPRECATION WARNING: Giving :session_key to SessionStore is deprecated, please use :key instead. (called from new at /Library/Ruby/Gems/1.8/gems/actionpack-2.3.8/lib/action_controller/middleware_stack.rb:72)


Processing ProjectsController#show (for 127.0.0.1 at 2010-07-19 12:49:12) [GET]
  Parameters: {"id"=>"12-txiactest"}
  [4;36;1mUser Load (0.5ms)[0m   [0;1mSELECT * FROM "users" WHERE ("users"."id" = 11) [0m
  [4;35;1mProject Load (0.3ms)[0m   [0mSELECT * FROM "projects" WHERE ("projects"."id" = 12) [0m
  [4;36;1mCACHE (0.0ms)[0m   [0;1mSELECT * FROM "users" WHERE ("users"."id" = 11) [0m
  [4;35;1mSQL (0.6ms)[0m   [0m SELECT name
 FROM sqlite_master
 WHERE type = 'table' AND NOT name = 'sqlite_sequence'
[0m
Rendering projects/show
  DRYML: Compiled app/views/projects/show.dryml in 0.71s
  [4;36;1mUser Load (1.2ms)[0m   [0;1mSELECT * FROM "users" LIMIT 30[0m
  [4;35;1mSQL (0.3ms)[0m   [0mSELECT count(*) AS count_all FROM "project_memberships" WHERE ("project_memberships".project_id = 12) [0m
  [4;36;1mProjectMembership Load (0.4ms)[0m   [0;1mSELECT * FROM "project_memberships" WHERE ("project_memberships".project_id = 12) [0m
  [4;35;1mSQL (0.6ms)[0m   [0m SELECT name
 FROM sqlite_master
 WHERE type = 'table' AND NOT name = 'sqlite_sequence'
[0m
  [4;36;1mCACHE (0.0ms)[0m   [0;1mSELECT * FROM "projects" WHERE ("projects"."id" = 12) [0m
  [4;35;1mCACHE (0.0ms)[0m   [0mSELECT * FROM "users" WHERE ("users"."id" = 11) [0m
  [4;36;1mCACHE (0.0ms)[0m   [0;1mSELECT * FROM "projects" WHERE ("projects"."id" = 12) [0m
  [4;35;1mCACHE (0.0ms)[0m   [0mSELECT * FROM "users" WHERE ("users"."id" = 11) [0m
  [4;36;1mCACHE (0.0ms)[0m   [0;1mSELECT * FROM "projects" WHERE ("projects"."id" = 12) [0m
  [4;35;1mCACHE (0.0ms)[0m   [0mSELECT * FROM "users" WHERE ("users"."id" = 11) [0m
  [4;36;1mCACHE (0.0ms)[0m   [0;1mSELECT * FROM "users" WHERE ("users"."id" = 11) [0m
  [4;35;1mRole Load (0.4ms)[0m   [0mSELECT * FROM "roles" WHERE ("roles"."id" = 1) [0m
  [4;36;1mSQL (0.6ms)[0m   [0;1m SELECT name
 FROM sqlite_master
 WHERE type = 'table' AND NOT name = 'sqlite_sequence'
[0m
  [4;35;1mCACHE (0.0ms)[0m   [0mSELECT * FROM "projects" WHERE ("projects"."id" = 12) [0m
  [4;36;1mCACHE (0.0ms)[0m   [0;1mSELECT * FROM "users" WHERE ("users"."id" = 11) [0m
  [4;35;1mCACHE (0.0ms)[0m   [0mSELECT * FROM "projects" WHERE ("projects"."id" = 12) [0m
  [4;36;1mCACHE (0.0ms)[0m   [0;1mSELECT * FROM "users" WHERE ("users"."id" = 11) [0m
  [4;35;1mSQL (9.1ms)[0m   [0mSELECT count(*) AS count_all FROM "nodes" WHERE ("nodes".project_id = 12) AND ( ("nodes"."type" = 'Library' ) ) [0m
  [4;36;1mLibrary Load (0.6ms)[0m   [0;1mSELECT * FROM "nodes" WHERE ("nodes".project_id = 12) AND ( ("nodes"."type" = 'Library' ) ) [0m
  [4;35;1mSQL (0.6ms)[0m   [0m SELECT name
 FROM sqlite_master
 WHERE type = 'table' AND NOT name = 'sqlite_sequence'
[0m
  [4;36;1mSQL (1.9ms)[0m   [0;1mSELECT count(*) AS count_all FROM "nodes" INNER JOIN "nodes_edges" ON "nodes".id = "nodes_edges".source_id WHERE (("nodes_edges".destination_id = 465)) AND ( ("nodes"."type" = 'Library' ) ) [0m
  [4;35;1mCACHE (0.0ms)[0m   [0mSELECT * FROM "projects" WHERE ("projects"."id" = 12) [0m
  [4;36;1mCACHE (0.0ms)[0m   [0;1mSELECT * FROM "users" WHERE ("users"."id" = 11) [0m
Completed in 1183ms (View: 1153, DB: 23) | 200 OK [http://localhost/projects/12-txiactest]
  [4;35;1mSQL (1.5ms)[0m   [0m SELECT name
 FROM sqlite_master
 WHERE type = 'table' AND NOT name = 'sqlite_sequence'
[0m
  [4;36;1mSQL (0.7ms)[0m   [0;1m SELECT name
 FROM sqlite_master
 WHERE type = 'table' AND NOT name = 'sqlite_sequence'
[0m
  [4;35;1mSQL (0.6ms)[0m   [0m SELECT name
 FROM sqlite_master
 WHERE type = 'table' AND NOT name = 'sqlite_sequence'
[0m
  [4;36;1mSQL (0.7ms)[0m   [0;1m SELECT name
 FROM sqlite_master
 WHERE type = 'table' AND NOT name = 'sqlite_sequence'
[0m
  [4;35;1mSQL (0.7ms)[0m   [0m SELECT name
 FROM sqlite_master
 WHERE type = 'table' AND NOT name = 'sqlite_sequence'
[0m
  [4;36;1mSQL (0.5ms)[0m   [0;1m SELECT name
 FROM sqlite_master
 WHERE type = 'table' AND NOT name = 'sqlite_sequence'
[0m
  [4;35;1mSQL (0.7ms)[0m   [0m SELECT name
 FROM sqlite_master
 WHERE type = 'table' AND NOT name = 'sqlite_sequence'
[0m
  [4;36;1mSQL (0.7ms)[0m   [0;1m SELECT name
 FROM sqlite_master
 WHERE type = 'table' AND NOT name = 'sqlite_sequence'
[0m
DEPRECATION WARNING: Giving :session_key to SessionStore is deprecated, please use :key instead. (called from new at /Library/Ruby/Gems/1.8/gems/actionpack-2.3.8/lib/action_controller/middleware_stack.rb:72)


Processing LibrariesController#show (for 127.0.0.1 at 2010-07-19 12:49:18) [GET]
  Parameters: {"id"=>"465-txiaclib"}
  [4;35;1mUser Load (0.5ms)[0m   [0mSELECT * FROM "users" WHERE ("users"."id" = 11) [0m
  [4;36;1mLibrary Load (0.5ms)[0m   [0;1mSELECT * FROM "nodes" WHERE ("nodes"."id" = 465) AND ( ("nodes"."type" = 'Library' ) ) [0m
  [4;35;1mSQL (0.7ms)[0m   [0m SELECT name
 FROM sqlite_master
 WHERE type = 'table' AND NOT name = 'sqlite_sequence'
[0m
  [4;36;1mUser Load (1.3ms)[0m   [0;1mSELECT * FROM "users" LIMIT 30[0m
  [4;35;1mProject Load (0.4ms)[0m   [0mSELECT * FROM "projects" WHERE ("projects"."id" = 12) [0m
  [4;36;1mCACHE (0.0ms)[0m   [0;1mSELECT * FROM "users" WHERE ("users"."id" = 11) [0m
  [4;35;1mNodeType Load (21.7ms)[0m   [0mSELECT * FROM "node_types" WHERE ("node_types"."id" = 1) [0m
  [4;36;1mSQL (0.7ms)[0m   [0;1m SELECT name
 FROM sqlite_master
 WHERE type = 'table' AND NOT name = 'sqlite_sequence'
[0m
  [4;35;1mSQL (0.6ms)[0m   [0m SELECT name
 FROM sqlite_master
 WHERE type = 'table' AND NOT name = 'sqlite_sequence'
[0m
  [4;36;1mSQL (0.4ms)[0m   [0;1mSELECT count(*) AS count_all FROM "labels" WHERE ("labels".node_id = 465) [0m
  [4;35;1mSQL (0.6ms)[0m   [0m SELECT name
 FROM sqlite_master
 WHERE type = 'table' AND NOT name = 'sqlite_sequence'
[0m
  [4;36;1mNode Load (0.4ms)[0m   [0;1mSELECT * FROM "nodes" WHERE ("nodes"."id" = 465) [0m
  [4;35;1mCACHE (0.0ms)[0m   [0mSELECT * FROM "projects" WHERE ("projects"."id" = 12) [0m
  [4;36;1mCACHE (0.0ms)[0m   [0;1mSELECT * FROM "users" WHERE ("users"."id" = 11) [0m
  [4;35;1mCACHE (0.0ms)[0m   [0mSELECT * FROM "nodes" WHERE ("nodes"."id" = 465) [0m
  [4;36;1mCACHE (0.0ms)[0m   [0;1mSELECT * FROM "projects" WHERE ("projects"."id" = 12) [0m
  [4;35;1mCACHE (0.0ms)[0m   [0mSELECT * FROM "users" WHERE ("users"."id" = 11) [0m
  [4;36;1mSQL (0.4ms)[0m   [0;1mSELECT count(*) AS count_all FROM "nodes" INNER JOIN "nodes_edges" ON "nodes".id = "nodes_edges".source_id WHERE (("nodes_edges".destination_id = 465)) AND ( ("nodes"."type" = 'Library' ) ) [0m
  [4;35;1mCACHE (0.0ms)[0m   [0mSELECT count(*) AS count_all FROM "nodes" INNER JOIN "nodes_edges" ON "nodes".id = "nodes_edges".source_id WHERE (("nodes_edges".destination_id = 465)) AND ( ("nodes"."type" = 'Library' ) ) [0m
  [4;36;1mSQL (0.3ms)[0m   [0;1mSELECT count(*) AS count_all FROM "nodes" INNER JOIN "nodes_edges" ON "nodes".id = "nodes_edges".destination_id WHERE (("nodes_edges".source_id = 465)) AND ( ("nodes"."type" = 'Library' ) ) [0m
  [4;35;1mCACHE (0.0ms)[0m   [0mSELECT count(*) AS count_all FROM "nodes" INNER JOIN "nodes_edges" ON "nodes".id = "nodes_edges".destination_id WHERE (("nodes_edges".source_id = 465)) AND ( ("nodes"."type" = 'Library' ) ) [0m
  [4;36;1mSQL (0.4ms)[0m   [0;1mSELECT count(*) AS count_all FROM "nodes" INNER JOIN "nodes_edges" ON "nodes".id = "nodes_edges".destination_id WHERE (("nodes_edges".source_id = 465)) AND ( ("nodes"."type" = 'SubSystem' OR "nodes"."type" = 'Group' ) ) [0m
  [4;35;1mSubSystem Load (0.6ms)[0m   [0mSELECT "nodes".* FROM "nodes" INNER JOIN "nodes_edges" ON "nodes".id = "nodes_edges".destination_id WHERE (("nodes_edges".source_id = 465)) AND ( ("nodes"."type" = 'SubSystem' OR "nodes"."type" = 'Group' ) ) [0m
  [4;36;1mValue Load (0.4ms)[0m   [0;1mSELECT "nodes".* FROM "nodes" INNER JOIN "nodes_edges" ON "nodes".id = "nodes_edges".destination_id WHERE (("nodes_edges".source_id = 466)) AND ( ("nodes"."type" = 'Value' OR "nodes"."type" = 'ValueString' OR "nodes"."type" = 'ValueDoubleRange' OR "nodes"."type" = 'ValueDateRange' ) ) [0m
  [4;35;1mMode Load (0.3ms)[0m   [0mSELECT "nodes".* FROM "nodes" INNER JOIN "nodes_edges" ON "nodes".id = "nodes_edges".destination_id WHERE (("nodes_edges".source_id = 466)) AND ( ("nodes"."type" = 'Mode' ) ) [0m
  [4;36;1mSubSystem Load (0.3ms)[0m   [0;1mSELECT "nodes".* FROM "nodes" INNER JOIN "nodes_edges" ON "nodes".id = "nodes_edges".destination_id WHERE (("nodes_edges".source_id = 466)) AND ( ("nodes"."type" = 'SubSystem' OR "nodes"."type" = 'Group' ) ) [0m
  [4;35;1mWebTreeCodeGen Load (0.4ms)[0m   [0mSELECT * FROM "scope_kinds" WHERE ( ("scope_kinds"."type" = 'WebTreeCodeGen' ) ) LIMIT 1[0m
  [4;36;1mSQL (0.6ms)[0m   [0;1m SELECT name
 FROM sqlite_master
 WHERE type = 'table' AND NOT name = 'sqlite_sequence'
[0m
Completed in 1134ms (View: 1094, DB: 38) | 200 OK [http://localhost/libraries/465-txiaclib]
  [4;35;1mSQL (6.0ms)[0m   [0m SELECT name
 FROM sqlite_master
 WHERE type = 'table' AND NOT name = 'sqlite_sequence'
[0m
  [4;36;1mSQL (0.7ms)[0m   [0;1m SELECT name
 FROM sqlite_master
 WHERE type = 'table' AND NOT name = 'sqlite_sequence'
[0m
  [4;35;1mSQL (0.8ms)[0m   [0m SELECT name
 FROM sqlite_master
 WHERE type = 'table' AND NOT name = 'sqlite_sequence'
[0m
  [4;36;1mSQL (0.7ms)[0m   [0;1m SELECT name
 FROM sqlite_master
 WHERE type = 'table' AND NOT name = 'sqlite_sequence'
[0m
  [4;35;1mSQL (0.7ms)[0m   [0m SELECT name
 FROM sqlite_master
 WHERE type = 'table' AND NOT name = 'sqlite_sequence'
[0m
  [4;36;1mSQL (0.5ms)[0m   [0;1m SELECT name
 FROM sqlite_master
 WHERE type = 'table' AND NOT name = 'sqlite_sequence'
[0m
  [4;35;1mSQL (0.7ms)[0m   [0m SELECT name
 FROM sqlite_master
 WHERE type = 'table' AND NOT name = 'sqlite_sequence'
[0m
  [4;36;1mSQL (0.7ms)[0m   [0;1m SELECT name
 FROM sqlite_master
 WHERE type = 'table' AND NOT name = 'sqlite_sequence'
[0m
DEPRECATION WARNING: Giving :session_key to SessionStore is deprecated, please use :key instead. (called from new at /Library/Ruby/Gems/1.8/gems/actionpack-2.3.8/lib/action_controller/middleware_stack.rb:72)


Processing WebTreeCodeGensController#show_node to xml (for 127.0.0.1 at 2010-07-19 12:49:22) [GET]
  Parameters: {"node"=>"465", "id"=>"5"}
  [4;35;1mUser Load (0.5ms)[0m   [0mSELECT * FROM "users" WHERE ("users"."id" = 11) [0m
  [4;36;1mWebTreeCodeGen Load (0.4ms)[0m   [0;1mSELECT * FROM "scope_kinds" WHERE ("scope_kinds"."id" = 5) AND ( ("scope_kinds"."type" = 'WebTreeCodeGen' ) ) [0m
  [4;35;1mNode Load (0.4ms)[0m   [0mSELECT * FROM "nodes" WHERE ("nodes"."id" = 465) [0m
Rendering web_tree_code_gens/show_node
  [4;36;1mSQL (0.6ms)[0m   [0;1m SELECT name
 FROM sqlite_master
 WHERE type = 'table' AND NOT name = 'sqlite_sequence'
[0m
  [4;35;1mSQL (0.3ms)[0m   [0mSELECT count(*) AS count_all FROM "nodes" INNER JOIN "nodes_edges" ON "nodes".id = "nodes_edges".destination_id WHERE (("nodes_edges".source_id = 465)) [0m
  [4;36;1mNodeType Load (0.3ms)[0m   [0;1mSELECT * FROM "node_types" WHERE ("node_types"."id" = 1) [0m
  [4;35;1mSQL (0.5ms)[0m   [0m SELECT name
 FROM sqlite_master
 WHERE type = 'table' AND NOT name = 'sqlite_sequence'
[0m
  [4;36;1mSQL (0.5ms)[0m   [0;1m SELECT name
 FROM sqlite_master
 WHERE type = 'table' AND NOT name = 'sqlite_sequence'
[0m
  [4;35;1mLibrary Load (0.3ms)[0m   [0mSELECT "nodes".* FROM "nodes" INNER JOIN "nodes_edges" ON "nodes".id = "nodes_edges".destination_id WHERE (("nodes_edges".source_id = 465)) AND ( ("nodes"."type" = 'Library' ) ) [0m
  [4;36;1mSubSystem Load (0.5ms)[0m   [0;1mSELECT "nodes".* FROM "nodes" INNER JOIN "nodes_edges" ON "nodes".id = "nodes_edges".destination_id WHERE (("nodes_edges".source_id = 465)) AND ( ("nodes"."type" = 'SubSystem' OR "nodes"."type" = 'Group' ) ) [0m
  [4;35;1mSQL (0.3ms)[0m   [0mSELECT count(*) AS count_all FROM "nodes" INNER JOIN "nodes_edges" ON "nodes".id = "nodes_edges".destination_id WHERE (("nodes_edges".source_id = 466)) [0m
  [4;36;1mNodeType Load (0.2ms)[0m   [0;1mSELECT * FROM "node_types" WHERE ("node_types"."id" = 2) [0m
  [4;35;1mNode Load (0.4ms)[0m   [0mSELECT "nodes".* FROM "nodes" INNER JOIN "nodes_edges" ON "nodes".id = "nodes_edges".destination_id WHERE (("nodes_edges".source_id = 465)) [0m
  [4;36;1mNode Load (0.2ms)[0m   [0;1mSELECT "nodes".* FROM "nodes" INNER JOIN "nodes_edges" ON "nodes".id = "nodes_edges".destination_id WHERE (("nodes_edges".source_id = 466)) [0m
Completed in 51ms (View: 37, DB: 16) | 200 OK [http://localhost/web_tree_code_gens/show_node/5.xml?node=465]
